2019-05-20 14:06:17,763 INFO  GexinLogesApplication:679 -The following profiles are active: dev
2019-05-20 14:06:18,201 WARN  EndpointId:135 -Endpoint ID 'nacos-config' contains invalid characters, please migrate to a valid format.
2019-05-20 14:06:18,204 WARN  EndpointId:135 -Endpoint ID 'nacos-discovery' contains invalid characters, please migrate to a valid format.
2019-05-20 14:06:18,229 WARN  EndpointId:135 -Endpoint ID 'service-registry' contains invalid characters, please migrate to a valid format.
2019-05-20 14:06:18,709 INFO  Http11NioProtocol:173 -Initializing ProtocolHandler ["http-nio-8055"]
2019-05-20 14:06:18,718 INFO  StandardService:173 -Starting service [Tomcat]
2019-05-20 14:06:18,719 INFO  StandardEngine:173 -Starting Servlet engine: [Apache Tomcat/9.0.16]
2019-05-20 14:06:18,725 INFO  AprLifecycleListener:173 -The APR based Apache Tomcat Native library which allows optimal performance in production environments was not found on the java.library.path: [D:\Program Files\Java\jdk1.8.0_162\bin;C:\WINDOWS\Sun\Java\bin;C:\WINDOWS\system32;C:\WINDOWS;D:\oracle\liusongwei\product\11.2.0\dbhome_1\bin;C:\ProgramData\Oracle\Java\javapath;C:\Program Files (x86)\Intel\Intel(R) Management Engine Components\iCLS\;C:\Program Files\Intel\Intel(R) Management Engine Components\iCLS\;C:\WINDOWS\system32;C:\WINDOWS;C:\WINDOWS\System32\Wbem;C:\WINDOWS\System32\WindowsPowerShell\v1.0\;C:\Program Files (x86)\Intel\Intel(R) Management Engine Components\DAL;C:\Program Files\Intel\Intel(R) Management Engine Components\DAL;C:\Program Files (x86)\Intel\Intel(R) Management Engine Components\IPT;C:\Program Files\Intel\Intel(R) Management Engine Components\IPT;D:\Program Files\Java\jdk1.8.0_162\bin;D:\Program Files\Java\jdk1.8.0_162\jre\bin;C:\Program Files\MySQL\MySQL Utilities 1.6\;C:\WINDOWS\System32\OpenSSH\;D:\Program Files\python;F:\tools\sonar-scanner-3.3.0.1492-windows\bin;D:\Program Files\nodejs\;D:\Program Files\Git\cmd;D:\Program Files\TortoiseSVN\bin;D:\Program Files\anaconda3;D:\Program Files\anaconda3\Library\mingw-w64\bin;D:\Program Files\anaconda3\Library\usr\bin;D:\Program Files\anaconda3\Library\bin;D:\Program Files\anaconda3\Scripts;D:\Program Files\python\Scripts\;D:\Program Files\python\;C:\Users\liusongwei\AppData\Local\Microsoft\WindowsApps;F:\tools\sonar-scanner-3.3.0.1492-windows\bin;C:\Users\liusongwei\AppData\Roaming\npm;D:\Program Files\JetBrains\PyCharm Community Edition 2018.3.4\bin;;;.]
2019-05-20 14:06:18,895 INFO  [/]:173 -Initializing Spring embedded WebApplicationContext
2019-05-20 14:06:20,119 WARN  URLConfigurationSource:121 -No URLs will be polled as dynamic configuration sources.
2019-05-20 14:06:20,120 INFO  URLConfigurationSource:122 -To enable URLs as dynamic configuration sources, define System property archaius.configurationSource.additionalUrls or make config.properties available on classpath.
2019-05-20 14:06:20,124 WARN  URLConfigurationSource:121 -No URLs will be polled as dynamic configuration sources.
2019-05-20 14:06:20,124 INFO  URLConfigurationSource:122 -To enable URLs as dynamic configuration sources, define System property archaius.configurationSource.additionalUrls or make config.properties available on classpath.
2019-05-20 14:06:20,139 DEBUG TraversableResolvers:60 -Cannot find javax.persistence.Persistence on classpath. Assuming non JPA 2 environment. All properties will per default be traversable.
2019-05-20 14:06:20,139 DEBUG ResourceBundleMessageInterpolator:89 -Loaded expression factory via original TCCL
2019-05-20 14:06:20,141 DEBUG TraversableResolvers:60 -Cannot find javax.persistence.Persistence on classpath. Assuming non JPA 2 environment. All properties will per default be traversable.
2019-05-20 14:06:20,142 DEBUG ConfigurationImpl:148 -Setting custom MessageInterpolator of type org.springframework.validation.beanvalidation.LocaleContextMessageInterpolator
2019-05-20 14:06:20,143 DEBUG ConfigurationImpl:180 -Setting custom ConstraintValidatorFactory of type org.springframework.validation.beanvalidation.SpringConstraintValidatorFactory
2019-05-20 14:06:20,143 DEBUG ConfigurationImpl:194 -Setting custom ParameterNameProvider of type org.springframework.validation.beanvalidation.LocalValidatorFactoryBean$1
2019-05-20 14:06:20,144 DEBUG ValidationXmlParser:120 -Trying to load META-INF/validation.xml for XML based Validator configuration.
2019-05-20 14:06:20,145 DEBUG ResourceLoaderHelper:53 -Trying to load META-INF/validation.xml via user class loader
2019-05-20 14:06:20,145 DEBUG ResourceLoaderHelper:60 -Trying to load META-INF/validation.xml via TCCL
2019-05-20 14:06:20,145 DEBUG ResourceLoaderHelper:66 -Trying to load META-INF/validation.xml via Hibernate Validator's class loader
2019-05-20 14:06:20,145 DEBUG ValidationXmlParser:127 -No META-INF/validation.xml found. Using annotation based configuration only.
2019-05-20 14:06:20,149 DEBUG ValidatorFactoryImpl:578 -HV000234: Using org.springframework.validation.beanvalidation.LocaleContextMessageInterpolator as ValidatorFactory-scoped message interpolator.
2019-05-20 14:06:20,149 DEBUG ValidatorFactoryImpl:579 -HV000234: Using org.hibernate.validator.internal.engine.resolver.TraverseAllTraversableResolver as ValidatorFactory-scoped traversable resolver.
2019-05-20 14:06:20,149 DEBUG ValidatorFactoryImpl:580 -HV000234: Using org.hibernate.validator.internal.util.ExecutableParameterNameProvider as ValidatorFactory-scoped parameter name provider.
2019-05-20 14:06:20,149 DEBUG ValidatorFactoryImpl:581 -HV000234: Using org.hibernate.validator.internal.engine.DefaultClockProvider as ValidatorFactory-scoped clock provider.
2019-05-20 14:06:20,150 DEBUG ValidatorFactoryImpl:582 -HV000234: Using org.hibernate.validator.internal.engine.scripting.DefaultScriptEvaluatorFactory as ValidatorFactory-scoped script evaluator factory.
2019-05-20 14:06:21,481 INFO  Http11NioProtocol:173 -Starting ProtocolHandler ["http-nio-8055"]
2019-05-20 14:06:21,562 INFO  GexinLogesApplication:59 -Started GexinLogesApplication in 6.476 seconds (JVM running for 8.111)
2019-05-20 14:06:21,771 INFO  [/]:173 -Initializing Spring DispatcherServlet 'dispatcherServlet'
2019-05-20 14:06:38,447 INFO  LogController:21 -hello world
